Using pre-set license
Built from '2021.3/release' branch; Version is '2021.3.17f1 (3e8111cac19d) revision 4096273'; Using compiler version '192829333'; Build Type 'Release'
OS: 'Windows 10  (10.0.19045) 64bit Professional' Language: 'en' Physical Memory: 16289 MB
BatchMode: 1, IsHumanControllingUs: 0, StartBugReporterOnCrash: 0, Is64bit: 1, IsPro: 1

COMMAND LINE ARGUMENTS:
E:\UnityInstallation\New2019\2021.3.17f1\Editor\Unity.exe
-adb2
-batchMode
-noUpm
-name
AssetImportWorker4
-projectPath
G:/Dubai Test
-logFile
Logs/AssetImportWorker4.log
-srvPort
53874
Successfully changed project path to: G:/Dubai Test
G:/Dubai Test
[UnityMemory] Configuration Parameters - Can be set up in boot.config
    "memorysetup-bucket-allocator-granularity=16"
    "memorysetup-bucket-allocator-bucket-count=8"
    "memorysetup-bucket-allocator-block-size=33554432"
    "memorysetup-bucket-allocator-block-count=8"
    "memorysetup-main-allocator-block-size=16777216"
    "memorysetup-thread-allocator-block-size=16777216"
    "memorysetup-gfx-main-allocator-block-size=16777216"
    "memorysetup-gfx-thread-allocator-block-size=16777216"
    "memorysetup-cache-allocator-block-size=4194304"
    "memorysetup-typetree-allocator-block-size=2097152"
    "memorysetup-profiler-bucket-allocator-granularity=16"
    "memorysetup-profiler-bucket-allocator-bucket-count=8"
    "memorysetup-profiler-bucket-allocator-block-size=33554432"
    "memorysetup-profiler-bucket-allocator-block-count=8"
    "memorysetup-profiler-allocator-block-size=16777216"
    "memorysetup-profiler-editor-allocator-block-size=1048576"
    "memorysetup-temp-allocator-size-main=16777216"
    "memorysetup-job-temp-allocator-block-size=2097152"
    "memorysetup-job-temp-allocator-block-size-background=1048576"
    "memorysetup-job-temp-allocator-reduction-small-platforms=262144"
    "memorysetup-temp-allocator-size-background-worker=32768"
    "memorysetup-temp-allocator-size-job-worker=262144"
    "memorysetup-temp-allocator-size-preload-manager=33554432"
    "memorysetup-temp-allocator-size-nav-mesh-worker=65536"
    "memorysetup-temp-allocator-size-audio-worker=65536"
    "memorysetup-temp-allocator-size-cloud-worker=32768"
    "memorysetup-temp-allocator-size-gi-baking-worker=262144"
    "memorysetup-temp-allocator-size-gfx=262144"
Player connection [14020] Host "[IP] 192.168.0.104 [Port] 0 [Flags] 2 [Guid] 4212649768 [EditorId] 4212649768 [Version] 1048832 [Id] WindowsEditor(7,DESKTOP-UIR6D1R) [Debug] 1 [PackageName] WindowsEditor [ProjectName] Editor" joined multi-casting on [225.0.0.222:54997]...

Player connection [14020] Host "[IP] 192.168.0.104 [Port] 0 [Flags] 2 [Guid] 4212649768 [EditorId] 4212649768 [Version] 1048832 [Id] WindowsEditor(7,DESKTOP-UIR6D1R) [Debug] 1 [PackageName] WindowsEditor [ProjectName] Editor" joined alternative multi-casting on [225.0.0.222:34997]...

Refreshing native plugins compatible for Editor in 90.21 ms, found 3 plugins.
Preloading 0 native plugins for Editor in 0.00 ms.
Initialize engine version: 2021.3.17f1 (3e8111cac19d)
[Subsystems] Discovering subsystems at path E:/UnityInstallation/New2019/2021.3.17f1/Editor/Data/Resources/UnitySubsystems
[Subsystems] Discovering subsystems at path G:/Dubai Test/Assets
GfxDevice: creating device client; threaded=0; jobified=0
Direct3D:
    Version:  Direct3D 11.0 [level 11.0]
    Renderer: NVIDIA Quadro K4100M (ID=0x11b7)
    Vendor:   NVIDIA
    VRAM:     4052 MB
    Driver:   24.21.14.1163
Initialize mono
Mono path[0] = 'E:/UnityInstallation/New2019/2021.3.17f1/Editor/Data/Managed'
Mono path[1] = 'E:/UnityInstallation/New2019/2021.3.17f1/Editor/Data/MonoBleedingEdge/lib/mono/unityjit-win32'
Mono config path = 'E:/UnityInstallation/New2019/2021.3.17f1/Editor/Data/MonoBleedingEdge/etc'
Using monoOptions --debugger-agent=transport=dt_socket,embedding=1,server=y,suspend=n,address=127.0.0.1:56128
Begin MonoManager ReloadAssembly
Registering precompiled unity dll's ...
Register platform support module: E:/UnityInstallation/New2019/2021.3.17f1/Editor/Data/PlaybackEngines/AndroidPlayer/UnityEditor.Android.Extensions.dll
Register platform support module: E:/UnityInstallation/New2019/2021.3.17f1/Editor/Data/PlaybackEngines/WindowsStandaloneSupport/UnityEditor.WindowsStandalone.Extensions.dll
Registered in 0.003344 seconds.
Native extension for WindowsStandalone target not found
Native extension for Android target not found
Android Extension - Scanning For ADB Devices 315 ms
Refreshing native plugins compatible for Editor in 104.59 ms, found 3 plugins.
Preloading 0 native plugins for Editor in 0.00 ms.
Mono: successfully reloaded assembly
- Completed reload, in  1.116 seconds
Domain Reload Profiling:
	ReloadAssembly (1117ms)
		BeginReloadAssembly (77ms)
			ExecutionOrderSort (0ms)
			DisableScriptedObjects (0ms)
			BackupInstance (0ms)
			ReleaseScriptingObjects (0ms)
			CreateAndSetChildDomain (1ms)
		EndReloadAssembly (926ms)
			LoadAssemblies (76ms)
			RebuildTransferFunctionScriptingTraits (0ms)
			SetupTypeCache (124ms)
			ReleaseScriptCaches (0ms)
			RebuildScriptCaches (33ms)
			SetupLoadedEditorAssemblies (716ms)
				LogAssemblyErrors (0ms)
				InitializePlatformSupportModulesInManaged (389ms)
				SetLoadedEditorAssemblies (0ms)
				RefreshPlugins (105ms)
				BeforeProcessingInitializeOnLoad (1ms)
				ProcessInitializeOnLoadAttributes (139ms)
				ProcessInitializeOnLoadMethodAttributes (82ms)
				AfterProcessingInitializeOnLoad (0ms)
				EditorAssembliesLoaded (0ms)
			ExecutionOrderSort2 (0ms)
			AwakeInstancesAfterBackupRestoration (0ms)
Platform modules already initialized, skipping
Registering precompiled user dll's ...
Registered in 0.004052 seconds.
Begin MonoManager ReloadAssembly
Symbol file LoadedFromMemory doesn't match image G:\Dubai Test\Library\PackageCache\com.unity.visualscripting@1.8.0\Editor\VisualScripting.Core\Dependencies\YamlDotNet\Unity.VisualScripting.YamlDotNet.dll
Symbol file LoadedFromMemory doesn't match image G:\Dubai Test\Library\PackageCache\com.unity.visualscripting@1.8.0\Editor\VisualScripting.Core\Dependencies\DotNetZip\Unity.VisualScripting.IonicZip.dll
Native extension for WindowsStandalone target not found
Native extension for Android target not found
Refreshing native plugins compatible for Editor in 0.86 ms, found 3 plugins.
Preloading 0 native plugins for Editor in 0.00 ms.
Mono: successfully reloaded assembly
- Completed reload, in  8.495 seconds
Domain Reload Profiling:
	ReloadAssembly (8496ms)
		BeginReloadAssembly (130ms)
			ExecutionOrderSort (0ms)
			DisableScriptedObjects (7ms)
			BackupInstance (0ms)
			ReleaseScriptingObjects (0ms)
			CreateAndSetChildDomain (24ms)
		EndReloadAssembly (8117ms)
			LoadAssemblies (5113ms)
			RebuildTransferFunctionScriptingTraits (0ms)
			SetupTypeCache (1184ms)
			ReleaseScriptCaches (1ms)
			RebuildScriptCaches (57ms)
			SetupLoadedEditorAssemblies (1715ms)
				LogAssemblyErrors (0ms)
				InitializePlatformSupportModulesInManaged (22ms)
				SetLoadedEditorAssemblies (0ms)
				RefreshPlugins (1ms)
				BeforeProcessingInitializeOnLoad (93ms)
				ProcessInitializeOnLoadAttributes (382ms)
				ProcessInitializeOnLoadMethodAttributes (1212ms)
				AfterProcessingInitializeOnLoad (5ms)
				EditorAssembliesLoaded (0ms)
			ExecutionOrderSort2 (0ms)
			AwakeInstancesAfterBackupRestoration (7ms)
Platform modules already initialized, skipping
========================================================================
Worker process is ready to serve import requests
Launched and connected shader compiler UnityShaderCompiler.exe after 0.11 seconds
Refreshing native plugins compatible for Editor in 0.67 ms, found 3 plugins.
Preloading 0 native plugins for Editor in 0.00 ms.
Unloading 3245 Unused Serialized files (Serialized files now loaded: 0)
Unloading 25 unused Assets / (87.7 KB). Loaded Objects now: 3704.
Memory consumption went from 111.0 MB to 110.9 MB.
Total: 3.538800 ms (FindLiveObjects: 0.356000 ms CreateObjectMapping: 0.369600 ms MarkObjects: 2.718700 ms  DeleteObjects: 0.093700 ms)

AssetImportParameters requested are different than current active one (requested -> active):
  custom:video-decoder-ogg-theora: a1e56fd34408186e4bbccfd4996cb3dc -> 
  custom:container-muxer-webm: aa71ff27fc2769a1b78a27578f13a17b -> 
  custom:container-demuxer-webm: 4f35f7cbe854078d1ac9338744f61a02 -> 
  custom:video-encoder-webm-vp8: eb34c28f22e8b96e1ab97ce403110664 -> 
  custom:video-codec-MediaFoundation-h265: 746d11721c4dcdbdad8f713fa42b33f4 -> 
  custom:audio-encoder-webm-vorbis: bf7c407c2cedff20999df2af8eb42d56 -> 
  custom:framework-win-MediaFoundation: 216162199b28c13a410421893ffa2e32 -> 
  custom:container-demuxer-ogg: 62fdf1f143b41e24485cea50d1cbac27 -> 
  custom:video-decoder-webm-vp8: 9c59270c3fd7afecdb556c50c9e8de78 -> 
  custom:audio-decoder-ogg-vorbis: bf7c407c2cedff20999df2af8eb42d56 -> 
========================================================================
Received Import Request.
  Time since last request: 65670.334108 seconds.
  path: Assets/Textures/backgroundImg.jpg
  artifactKey: Guid(dd17807a82cadf6438bc5da5d30cbae3) Importer(815301076,1909f56bfc062723c751e8b465ee728b)
Start importing Assets/Textures/backgroundImg.jpg using Guid(dd17807a82cadf6438bc5da5d30cbae3) Importer(815301076,1909f56bfc062723c751e8b465ee728b)  -> (artifact id: '2e1b84a10a1f99d653b52674c8255364') in 0.302375 seconds 
========================================================================
Received Import Request.
  Time since last request: 0.000022 seconds.
  path: Assets/Textures/card4.jpg
  artifactKey: Guid(f4372cb54cb8dc04fbabef824c1d8f92) Importer(815301076,1909f56bfc062723c751e8b465ee728b)
Start importing Assets/Textures/card4.jpg using Guid(f4372cb54cb8dc04fbabef824c1d8f92) Importer(815301076,1909f56bfc062723c751e8b465ee728b)  -> (artifact id: '95f9564c8de497561d323e1f8c9bc469') in 0.020751 seconds 
========================================================================
Received Import Request.
  Time since last request: 0.000029 seconds.
  path: Assets/Textures/card3.jpg
  artifactKey: Guid(cffe843a4ff059941987bdddddee4f0c) Importer(815301076,1909f56bfc062723c751e8b465ee728b)
Start importing Assets/Textures/card3.jpg using Guid(cffe843a4ff059941987bdddddee4f0c) Importer(815301076,1909f56bfc062723c751e8b465ee728b)  -> (artifact id: 'e242d1323e5d6dd86097853916b1bada') in 0.021990 seconds 
========================================================================
Received Import Request.
  Time since last request: 0.000018 seconds.
  path: Assets/Textures/card1.jpg
  artifactKey: Guid(fdf9a7396009a46488f292e11e3dd43d) Importer(815301076,1909f56bfc062723c751e8b465ee728b)
Start importing Assets/Textures/card1.jpg using Guid(fdf9a7396009a46488f292e11e3dd43d) Importer(815301076,1909f56bfc062723c751e8b465ee728b)  -> (artifact id: '33437fe4905dc2097ac1e90ac62101f5') in 0.020067 seconds 
========================================================================
Received Import Request.
  Time since last request: 0.000018 seconds.
  path: Assets/Textures/cardDown.jpg
  artifactKey: Guid(d4444774d654ea9418f3fed22c12dbb6) Importer(815301076,1909f56bfc062723c751e8b465ee728b)
Start importing Assets/Textures/cardDown.jpg using Guid(d4444774d654ea9418f3fed22c12dbb6) Importer(815301076,1909f56bfc062723c751e8b465ee728b)  -> (artifact id: '5c21a5d3ae8c0f637f384d9778c63305') in 0.018187 seconds 
========================================================================
Received Import Request.
  Time since last request: 0.000027 seconds.
  path: Assets/Textures/cardDown.psd
  artifactKey: Guid(457c08b3b6b5bf54f9fab3b3537491ff) Importer(815301076,1909f56bfc062723c751e8b465ee728b)
Start importing Assets/Textures/cardDown.psd using Guid(457c08b3b6b5bf54f9fab3b3537491ff) Importer(815301076,1909f56bfc062723c751e8b465ee728b)  -> (artifact id: 'fef8984734663be6bcfb4a3d95a643a7') in 0.021835 seconds 
========================================================================
Received Import Request.
  Time since last request: 0.000022 seconds.
  path: Assets/Textures/card2.jpg
  artifactKey: Guid(a48fef0dd947d774ab444998532d0f9e) Importer(815301076,1909f56bfc062723c751e8b465ee728b)
Start importing Assets/Textures/card2.jpg using Guid(a48fef0dd947d774ab444998532d0f9e) Importer(815301076,1909f56bfc062723c751e8b465ee728b)  -> (artifact id: 'bdc586de428e09159f17ca5cfda9e0d4') in 0.024100 seconds 
========================================================================
Received Import Request.
  Time since last request: 0.000018 seconds.
  path: Assets/Textures/card5.JPG
  artifactKey: Guid(83400aae55aa54749a4af25417ec1b22) Importer(815301076,1909f56bfc062723c751e8b465ee728b)
Start importing Assets/Textures/card5.JPG using Guid(83400aae55aa54749a4af25417ec1b22) Importer(815301076,1909f56bfc062723c751e8b465ee728b)  -> (artifact id: '58d1a8aaa9240279fd2910ec64394660') in 0.024163 seconds 
